<?xml version="1.0" encoding="UTF-8"?>
<testng-results skipped="0" failed="0" total="1" passed="1">
  <reporter-output>
  </reporter-output>
  <suite name="Suite" duration-ms="7573" started-at="2020-04-12T00:45:46Z" finished-at="2020-04-12T00:45:53Z">
    <groups>
      <group name="cucumber">
        <method signature="AbstractTestNGCucumberTests.feature(cucumber.api.testng.CucumberFeatureWrapper)[pri:0, instance:walmart.Runner.Runner@234bef66]" name="feature" class="cucumber.api.testng.AbstractTestNGCucumberTests"/>
      </group> <!-- cucumber -->
    </groups>
    <test name="Test" duration-ms="7573" started-at="2020-04-12T00:45:46Z" finished-at="2020-04-12T00:45:53Z">
      <class name="walmart.Runner.Runner">
        <test-method status="PASS" signature="setUpClass()[pri:0, instance:walmart.Runner.Runner@234bef66]" name="setUpClass" is-config="true" duration-ms="213" started-at="2020-04-11T20:45:46Z" finished-at="2020-04-11T20:45:46Z">
          <reporter-output>
          </reporter-output>
        </test-method> <!-- setUpClass -->
        <test-method status="PASS" signature="feature(cucumber.api.testng.CucumberFeatureWrapper)[pri:0, instance:walmart.Runner.Runner@234bef66]" name="feature" duration-ms="6995" started-at="2020-04-11T20:45:46Z" description="Runs Cucumber Feature" data-provider="features" finished-at="2020-04-11T20:45:53Z">
          <params>
            <param index="0">
              <value>
                <![CDATA[USPS Tracking]]>
              </value>
            </param>
          </params>
          <reporter-output>
          </reporter-output>
        </test-method> <!-- feature -->
        <test-method status="PASS" signature="tearDownClass()[pri:0, instance:walmart.Runner.Runner@234bef66]" name="tearDownClass" is-config="true" duration-ms="296" started-at="2020-04-11T20:45:53Z" finished-at="2020-04-11T20:45:53Z">
          <reporter-output>
          </reporter-output>
        </test-method> <!-- tearDownClass -->
      </class> <!-- walmart.Runner.Runner -->
    </test> <!-- Test -->
  </suite> <!-- Suite -->
</testng-results>
