<?xml version="1.0" encoding="UTF-8"?>
<testsuite xmlns:xsi="http://www.w3.org/2001/XMLSchema-instance" xsi:noNamespaceSchemaLocation="https://maven.apache.org/surefire/maven-surefire-plugin/xsd/surefire-test-report.xsd" name="TestSuite" time="8.107" tests="1" errors="0" skipped="0" failures="1">
  <properties>
[...]
</properties>
  <testcase name="feature" classname="walmart.Runner.Runner" time="6.95">
    <failure message="java.lang.NullPointerException" type="cucumber.runtime.CucumberException">cucumber.runtime.CucumberException: java.lang.NullPointerException
Caused by: java.lang.NullPointerException
</failure>
    <system-out><![CDATA[@regression
Feature: As a user I want to be able to see shop all page
>> Initializing Chrome Driver
User lands on Shop All page
----------

  Scenario: User lands on Shop All page               # clothingaccsshopall.feature:3
    Given User is on Homepage                         # ClothingAccShopAllStep.user_is_on_Homepage()
    When User selects clothing, shoes and accessories # ClothingAccShopAllStep.user_selects_clothing_shoes_and_accessories()
      java.lang.NullPointerException
      	at walmart.PageActions.ClothingAccShopAllActions.sparkmenu(ClothingAccShopAllActions.java:17)
      	at walmart.StepDef.ClothingAccShopAllStep.user_selects_clothing_shoes_and_accessories(ClothingAccShopAllStep.java:23)
      	at ?.When User selects clothing, shoes and accessories(clothingaccsshopall.feature:6)

    And User selects Shop All option                  # ClothingAccShopAllStep.user_selects_Shop_All_option()
    Then Verify Landing                               # ClothingAccShopAllStep.verify_landing()
]]></system-out>
    <system-err><![CDATA[SLF4J: Failed to load class "org.slf4j.impl.StaticLoggerBinder".
SLF4J: Defaulting to no-operation (NOP) logger implementation
SLF4J: See http://www.slf4j.org/codes.html#StaticLoggerBinder for further details.
Starting ChromeDriver 79.0.3945.36 (3582db32b33893869b8c1339e8f4d9ed1816f143-refs/branch-heads/3945@{#614}) on port 16880
Only local connections are allowed.
Please protect ports used by ChromeDriver and related test frameworks to prevent access by malicious code.
[1583026369.393][WARNING]: This version of ChromeDriver has not been tested with Chrome version 80.
Feb 29, 2020 8:32:50 PM org.openqa.selenium.remote.ProtocolHandshake createSession
INFO: Detected dialect: W3C
]]></system-err>
  </testcase>
</testsuite>